[0.010s] Invoking command in '/home/svaya/Documents/Ros2/ros2_wp/build/tutorial_interfaces': /usr/bin/cmake --build /home/svaya/Documents/Ros2/ros2_wp/build/tutorial_interfaces -- -j28 -l28
[0.029s] -- Found ament_cmake: 1.3.11 (/opt/ros/humble/share/ament_cmake/cmake)
[0.114s] -- Found geometry_msgs: 4.9.0 (/opt/ros/humble/share/geometry_msgs/cmake)
[0.130s] -- Found rosidl_generator_c: 3.1.6 (/opt/ros/humble/share/rosidl_generator_c/cmake)
[0.132s] -- Found rosidl_adapter: 3.1.6 (/opt/ros/humble/share/rosidl_adapter/cmake)
[0.136s] -- Found rosidl_generator_cpp: 3.1.6 (/opt/ros/humble/share/rosidl_generator_cpp/cmake)
[0.142s] -- Using all available rosidl_typesupport_c: rosidl_typesupport_fastrtps_c;rosidl_typesupport_introspection_c
[0.149s] -- Using all available rosidl_typesupport_cpp: rosidl_typesupport_fastrtps_cpp;rosidl_typesupport_introspection_cpp
[0.171s] -- Found rosidl_default_generators: 1.2.0 (/opt/ros/humble/share/rosidl_default_generators/cmake)
[0.175s] -- Found rclcpp: 16.0.12 (/opt/ros/humble/share/rclcpp/cmake)
[0.191s] -- Found rmw_implementation_cmake: 6.1.2 (/opt/ros/humble/share/rmw_implementation_cmake/cmake)
[0.192s] -- Found rmw_fastrtps_cpp: 6.2.7 (/opt/ros/humble/share/rmw_fastrtps_cpp/cmake)
[0.269s] -- Using RMW implementation 'rmw_fastrtps_cpp' as default
[0.424s] Error parsing '/home/svaya/Documents/Ros2/ros2_wp/src/tutorial_interfaces/package.xml':
[0.454s] Traceback (most recent call last):
[0.454s]   File "/opt/ros/humble/share/ament_cmake_core/cmake/core/package_xml_2_cmake.py", line 150, in <module>
[0.454s]     main()
[0.454s]   File "/opt/ros/humble/share/ament_cmake_core/cmake/core/package_xml_2_cmake.py", line 53, in main
[0.454s]     raise e
[0.454s]   File "/opt/ros/humble/share/ament_cmake_core/cmake/core/package_xml_2_cmake.py", line 49, in main
[0.454s]     package = parse_package_string(
[0.454s]   File "/usr/lib/python3/dist-packages/catkin_pkg/package.py", line 788, in parse_package_string
[0.455s]     pkg.validate(warnings=warnings)
[0.455s]   File "/usr/lib/python3/dist-packages/catkin_pkg/package.py", line 330, in validate
[0.455s]     raise InvalidPackage('\n'.join(errors), self.filename)
[0.455s] catkin_pkg.package.InvalidPackage: Error(s) in package '/home/svaya/Documents/Ros2/ros2_wp/src/tutorial_interfaces/package.xml':
[0.455s] The package "tutorial_interfaces" must not "build_depend" on a package with the same name as this package
[0.455s] The package "tutorial_interfaces" must not "build_export_depend" on a package with the same name as this package
[0.455s] The package "tutorial_interfaces" must not "exec_depend" on a package with the same name as this package
[0.464s] [31mCMake Error at /opt/ros/humble/share/ament_cmake_core/cmake/core/ament_package_xml.cmake:95 (message):
[0.464s]   execute_process(/usr/bin/python3
[0.464s]   /opt/ros/humble/share/ament_cmake_core/cmake/core/package_xml_2_cmake.py
[0.464s]   /home/svaya/Documents/Ros2/ros2_wp/src/tutorial_interfaces/package.xml
[0.464s]   /home/svaya/Documents/Ros2/ros2_wp/build/tutorial_interfaces/ament_cmake_core/package.cmake)
[0.464s]   returned error code 1
[0.464s] Call Stack (most recent call first):
[0.464s]   /opt/ros/humble/share/ament_cmake_core/cmake/core/ament_package_xml.cmake:49 (_ament_package_xml)
[0.464s]   /opt/ros/humble/share/rosidl_cmake/cmake/rosidl_generate_interfaces.cmake:226 (ament_package_xml)
[0.464s]   CMakeLists.txt:17 (rosidl_generate_interfaces)
[0.464s] 
[0.464s] [0m
[0.464s] -- Configuring incomplete, errors occurred!
[0.464s] See also "/home/svaya/Documents/Ros2/ros2_wp/build/tutorial_interfaces/CMakeFiles/CMakeOutput.log".
[0.469s] gmake: *** [Makefile:1179: cmake_check_build_system] Error 1
[0.471s] Invoked command in '/home/svaya/Documents/Ros2/ros2_wp/build/tutorial_interfaces' returned '2': /usr/bin/cmake --build /home/svaya/Documents/Ros2/ros2_wp/build/tutorial_interfaces -- -j28 -l28
