[0.000000] (-) TimerEvent: {}
[0.000209] (-) JobUnselected: {'identifier': 'cpp_pubsub2'}
[0.000238] (cpp_pubsub1) JobQueued: {'identifier': 'cpp_pubsub1', 'dependencies': OrderedDict()}
[0.000497] (cpp_pubsub1) JobStarted: {'identifier': 'cpp_pubsub1'}
[0.005744] (cpp_pubsub1) JobProgress: {'identifier': 'cpp_pubsub1', 'progress': 'cmake'}
[0.006075] (cpp_pubsub1) JobProgress: {'identifier': 'cpp_pubsub1', 'progress': 'build'}
[0.006591] (cpp_pubsub1) Command: {'cmd': ['/usr/bin/cmake', '--build', '/home/svaya/Documents/ros2/multithreading/build/cpp_pubsub1', '--', '-j28', '-l28'], 'cwd': '/home/svaya/Documents/ros2/multithreading/build/cpp_pubsub1', 'env': OrderedDict([('LESSOPEN', '| /usr/bin/lesspipe %s'), ('LANGUAGE', 'en_IN:en'), ('USER', 'svaya'), ('XDG_SESSION_TYPE', 'wayland'), ('SHLVL', '1'), ('LD_LIBRARY_PATH', '/opt/ros/humble/opt/rviz_ogre_vendor/lib:/opt/ros/humble/lib/x86_64-linux-gnu:/opt/ros/humble/lib'), ('HOME', '/home/svaya'), ('OLDPWD', '/home/svaya/Documents/ros2/multithreading/src'), ('DESKTOP_SESSION', 'ubuntu'), ('NVM_BIN', '/home/svaya/.nvm/versions/node/v22.8.0/bin'), ('NVM_INC', '/home/svaya/.nvm/versions/node/v22.8.0/include/node'), ('ROS_PYTHON_VERSION', '3'), ('GNOME_SHELL_SESSION_MODE', 'ubuntu'), ('GTK_MODULES', 'gail:atk-bridge'), ('SYSTEMD_EXEC_PID', '46269'), ('DBUS_SESSION_BUS_ADDRESS', 'unix:path=/run/user/1000/bus'), ('COLORTERM', 'truecolor'), ('NVM_DIR', '/home/svaya/.nvm'), ('IM_CONFIG_PHASE', '1'), ('WAYLAND_DISPLAY', 'wayland-0'), ('ROS_DISTRO', 'humble'), ('LOGNAME', 'svaya'), ('_', '/usr/bin/colcon'), ('ROS_VERSION', '2'), ('XDG_SESSION_CLASS', 'user'), ('USERNAME', 'svaya'), ('TERM', 'xterm-256color'), ('GNOME_DESKTOP_SESSION_ID', 'this-is-deprecated'), ('ROS_LOCALHOST_ONLY', '0'), ('PATH', '/home/svaya/.nvm/versions/node/v22.8.0/bin:/opt/ros/humble/bin:/usr/local/sbin:/usr/local/bin:/usr/sbin:/usr/bin:/sbin:/bin:/usr/games:/usr/local/games:/snap/bin:/snap/bin'), ('SESSION_MANAGER', 'local/SVAYA-PC019:@/tmp/.ICE-unix/46245,unix/SVAYA-PC019:/tmp/.ICE-unix/46245'), ('XDG_MENU_PREFIX', 'gnome-'), ('GNOME_TERMINAL_SCREEN', '/org/gnome/Terminal/screen/f6e28d32_e7a3_4c9a_b3c3_8752b0303477'), ('GNOME_SETUP_DISPLAY', ':1'), ('XDG_RUNTIME_DIR', '/run/user/1000'), ('DISPLAY', ':0'), ('LANG', 'en_US.UTF-8'), ('XDG_CURRENT_DESKTOP', 'ubuntu:GNOME'), ('XMODIFIERS', '@im=ibus'), ('XDG_SESSION_DESKTOP', 'ubuntu'), ('XAUTHORITY', '/run/user/1000/.mutter-Xwaylandauth.K5N482'), ('LS_COLORS', 'rs=0:di=01;34:ln=01;36:mh=00:pi=40;33:so=01;35:do=01;35:bd=40;33;01:cd=40;33;01:or=40;31;01:mi=00:su=37;41:sg=30;43:ca=30;41:tw=30;42:ow=34;42:st=37;44:ex=01;32:*.tar=01;31:*.tgz=01;31:*.arc=01;31:*.arj=01;31:*.taz=01;31:*.lha=01;31:*.lz4=01;31:*.lzh=01;31:*.lzma=01;31:*.tlz=01;31:*.txz=01;31:*.tzo=01;31:*.t7z=01;31:*.zip=01;31:*.z=01;31:*.dz=01;31:*.gz=01;31:*.lrz=01;31:*.lz=01;31:*.lzo=01;31:*.xz=01;31:*.zst=01;31:*.tzst=01;31:*.bz2=01;31:*.bz=01;31:*.tbz=01;31:*.tbz2=01;31:*.tz=01;31:*.deb=01;31:*.rpm=01;31:*.jar=01;31:*.war=01;31:*.ear=01;31:*.sar=01;31:*.rar=01;31:*.alz=01;31:*.ace=01;31:*.zoo=01;31:*.cpio=01;31:*.7z=01;31:*.rz=01;31:*.cab=01;31:*.wim=01;31:*.swm=01;31:*.dwm=01;31:*.esd=01;31:*.jpg=01;35:*.jpeg=01;35:*.mjpg=01;35:*.mjpeg=01;35:*.gif=01;35:*.bmp=01;35:*.pbm=01;35:*.pgm=01;35:*.ppm=01;35:*.tga=01;35:*.xbm=01;35:*.xpm=01;35:*.tif=01;35:*.tiff=01;35:*.png=01;35:*.svg=01;35:*.svgz=01;35:*.mng=01;35:*.pcx=01;35:*.mov=01;35:*.mpg=01;35:*.mpeg=01;35:*.m2v=01;35:*.mkv=01;35:*.webm=01;35:*.webp=01;35:*.ogm=01;35:*.mp4=01;35:*.m4v=01;35:*.mp4v=01;35:*.vob=01;35:*.qt=01;35:*.nuv=01;35:*.wmv=01;35:*.asf=01;35:*.rm=01;35:*.rmvb=01;35:*.flc=01;35:*.avi=01;35:*.fli=01;35:*.flv=01;35:*.gl=01;35:*.dl=01;35:*.xcf=01;35:*.xwd=01;35:*.yuv=01;35:*.cgm=01;35:*.emf=01;35:*.ogv=01;35:*.ogx=01;35:*.aac=00;36:*.au=00;36:*.flac=00;36:*.m4a=00;36:*.mid=00;36:*.midi=00;36:*.mka=00;36:*.mp3=00;36:*.mpc=00;36:*.ogg=00;36:*.ra=00;36:*.wav=00;36:*.oga=00;36:*.opus=00;36:*.spx=00;36:*.xspf=00;36:'), ('GNOME_TERMINAL_SERVICE', ':1.130'), ('SSH_AGENT_LAUNCHER', 'gnome-keyring'), ('SSH_AUTH_SOCK', '/run/user/1000/keyring/ssh'), ('ROS_DOMAIN_ID', '49'), ('AMENT_PREFIX_PATH', '/opt/ros/humble'), ('SHELL', '/bin/bash'), ('QT_ACCESSIBILITY', '1'), ('GDMSESSION', 'ubuntu'), ('LESSCLOSE', '/usr/bin/lesspipe %s %s'), ('QT_IM_MODULE', 'ibus'), ('PWD', '/home/svaya/Documents/ros2/multithreading/build/cpp_pubsub1'), ('LC_ALL', 'en_US.UTF-8'), ('XDG_CONFIG_DIRS', '/etc/xdg/xdg-ubuntu:/etc/xdg'), ('NVM_CD_FLAGS', ''), ('XDG_DATA_DIRS', '/usr/share/ubuntu:/usr/local/share/:/usr/share/:/var/lib/snapd/desktop'), ('PYTHONPATH', '/opt/ros/humble/lib/python3.10/site-packages:/opt/ros/humble/local/lib/python3.10/dist-packages'), ('COLCON', '1'), ('VTE_VERSION', '6800'), ('CMAKE_PREFIX_PATH', '/opt/ros/humble')]), 'shell': False}
[0.025244] (cpp_pubsub1) StdoutLine: {'line': b'-- Found ament_cmake: 1.3.11 (/opt/ros/humble/share/ament_cmake/cmake)\n'}
[0.099932] (-) TimerEvent: {}
[0.109273] (cpp_pubsub1) StdoutLine: {'line': b'-- Found rclcpp: 16.0.12 (/opt/ros/humble/share/rclcpp/cmake)\n'}
[0.125807] (cpp_pubsub1) StdoutLine: {'line': b'-- Found rosidl_generator_c: 3.1.6 (/opt/ros/humble/share/rosidl_generator_c/cmake)\n'}
[0.127328] (cpp_pubsub1) StdoutLine: {'line': b'-- Found rosidl_adapter: 3.1.6 (/opt/ros/humble/share/rosidl_adapter/cmake)\n'}
[0.130855] (cpp_pubsub1) StdoutLine: {'line': b'-- Found rosidl_generator_cpp: 3.1.6 (/opt/ros/humble/share/rosidl_generator_cpp/cmake)\n'}
[0.136294] (cpp_pubsub1) StdoutLine: {'line': b'-- Using all available rosidl_typesupport_c: rosidl_typesupport_fastrtps_c;rosidl_typesupport_introspection_c\n'}
[0.143709] (cpp_pubsub1) StdoutLine: {'line': b'-- Using all available rosidl_typesupport_cpp: rosidl_typesupport_fastrtps_cpp;rosidl_typesupport_introspection_cpp\n'}
[0.162732] (cpp_pubsub1) StdoutLine: {'line': b'-- Found rmw_implementation_cmake: 6.1.2 (/opt/ros/humble/share/rmw_implementation_cmake/cmake)\n'}
[0.163428] (cpp_pubsub1) StdoutLine: {'line': b'-- Found rmw_fastrtps_cpp: 6.2.7 (/opt/ros/humble/share/rmw_fastrtps_cpp/cmake)\n'}
[0.200110] (-) TimerEvent: {}
[0.225589] (cpp_pubsub1) StdoutLine: {'line': b"-- Using RMW implementation 'rmw_fastrtps_cpp' as default\n"}
[0.296045] (cpp_pubsub1) StdoutLine: {'line': b'-- Configuring done\n'}
[0.300252] (cpp_pubsub1) StdoutLine: {'line': b'-- Generating done\n'}
[0.300347] (-) TimerEvent: {}
[0.302157] (cpp_pubsub1) StdoutLine: {'line': b'-- Build files have been written to: /home/svaya/Documents/ros2/multithreading/build/cpp_pubsub1\n'}
[0.320045] (cpp_pubsub1) StdoutLine: {'line': b'\x1b[35m\x1b[1mConsolidate compiler generated dependencies of target parallelism\x1b[0m\n'}
[0.332996] (cpp_pubsub1) StdoutLine: {'line': b'[ 50%] \x1b[32mBuilding CXX object CMakeFiles/parallelism.dir/src/main.cpp.o\x1b[0m\n'}
[0.400543] (-) TimerEvent: {}
[0.500873] (-) TimerEvent: {}
[0.601230] (-) TimerEvent: {}
[0.701569] (-) TimerEvent: {}
[0.801912] (-) TimerEvent: {}
[0.902244] (-) TimerEvent: {}
[1.002562] (-) TimerEvent: {}
[1.102907] (-) TimerEvent: {}
[1.203254] (-) TimerEvent: {}
[1.303587] (-) TimerEvent: {}
[1.403950] (-) TimerEvent: {}
[1.504319] (-) TimerEvent: {}
[1.591738] (cpp_pubsub1) StderrLine: {'line': b'In file included from \x1b[01m\x1b[K/home/svaya/Documents/ros2/multithreading/src/cpp_pubsub1/src/main.cpp:6\x1b[m\x1b[K:\n'}
[1.591900] (cpp_pubsub1) StderrLine: {'line': b'\x1b[01m\x1b[K/home/svaya/Documents/ros2/multithreading/src/cpp_pubsub1/src/../include/cpp_pubsub1/subscriber1_member_function.hpp:7:7:\x1b[m\x1b[K \x1b[01;31m\x1b[Kerror: \x1b[m\x1b[Kredefinition of \xe2\x80\x98\x1b[01m\x1b[Kclass MinimalSubscriber1\x1b[m\x1b[K\xe2\x80\x99\n'}
[1.591938] (cpp_pubsub1) StderrLine: {'line': b'    7 | class \x1b[01;31m\x1b[KMinimalSubscriber1\x1b[m\x1b[K : public rclcpp::Node\n'}
[1.591973] (cpp_pubsub1) StderrLine: {'line': b'      |       \x1b[01;31m\x1b[K^~~~~~~~~~~~~~~~~~\x1b[m\x1b[K\n'}
[1.592000] (cpp_pubsub1) StderrLine: {'line': b'In file included from \x1b[01m\x1b[K/home/svaya/Documents/ros2/multithreading/src/cpp_pubsub1/src/main.cpp:5\x1b[m\x1b[K:\n'}
[1.592027] (cpp_pubsub1) StderrLine: {'line': b'\x1b[01m\x1b[K/home/svaya/Documents/ros2/multithreading/src/cpp_pubsub1/src/../include/cpp_pubsub1/subscriber1_member_function.hpp:7:7:\x1b[m\x1b[K \x1b[01;36m\x1b[Knote: \x1b[m\x1b[Kprevious definition of \xe2\x80\x98\x1b[01m\x1b[Kclass MinimalSubscriber1\x1b[m\x1b[K\xe2\x80\x99\n'}
[1.592059] (cpp_pubsub1) StderrLine: {'line': b'    7 | class \x1b[01;36m\x1b[KMinimalSubscriber1\x1b[m\x1b[K : public rclcpp::Node\n'}
[1.592086] (cpp_pubsub1) StderrLine: {'line': b'      |       \x1b[01;36m\x1b[K^~~~~~~~~~~~~~~~~~\x1b[m\x1b[K\n'}
[1.594248] (cpp_pubsub1) StderrLine: {'line': b'\x1b[01m\x1b[K/home/svaya/Documents/ros2/multithreading/src/cpp_pubsub1/src/main.cpp:\x1b[m\x1b[K In function \xe2\x80\x98\x1b[01m\x1b[Kvoid run_publisher_node_1()\x1b[m\x1b[K\xe2\x80\x99:\n'}
[1.594329] (cpp_pubsub1) StderrLine: {'line': b'\x1b[01m\x1b[K/home/svaya/Documents/ros2/multithreading/src/cpp_pubsub1/src/main.cpp:11:46:\x1b[m\x1b[K \x1b[01;31m\x1b[Kerror: \x1b[m\x1b[K\xe2\x80\x98\x1b[01m\x1b[KPublisherNode1\x1b[m\x1b[K\xe2\x80\x99 was not declared in this scope; did you mean \xe2\x80\x98\x1b[01m\x1b[Kpublisher_node_1\x1b[m\x1b[K\xe2\x80\x99?\n'}
[1.594367] (cpp_pubsub1) StderrLine: {'line': b'   11 |     auto publisher_node_1 = std::make_shared<\x1b[01;31m\x1b[KPublisherNode1\x1b[m\x1b[K>();\n'}
[1.594397] (cpp_pubsub1) StderrLine: {'line': b'      |                                              \x1b[01;31m\x1b[K^~~~~~~~~~~~~~\x1b[m\x1b[K\n'}
[1.594425] (cpp_pubsub1) StderrLine: {'line': b'      |                                              \x1b[32m\x1b[Kpublisher_node_1\x1b[m\x1b[K\n'}
[1.594452] (cpp_pubsub1) StderrLine: {'line': b'\x1b[01m\x1b[K/home/svaya/Documents/ros2/multithreading/src/cpp_pubsub1/src/main.cpp:11:61:\x1b[m\x1b[K \x1b[01;31m\x1b[Kerror: \x1b[m\x1b[Kno matching function for call to \xe2\x80\x98\x1b[01m\x1b[Kmake_shared<<expression error> >()\x1b[m\x1b[K\xe2\x80\x99\n'}
[1.594481] (cpp_pubsub1) StderrLine: {'line': b'   11 |     auto publisher_node_1 = \x1b[01;31m\x1b[Kstd::make_shared<PublisherNode1>()\x1b[m\x1b[K;\n'}
[1.594508] (cpp_pubsub1) StderrLine: {'line': b'      |                             \x1b[01;31m\x1b[K~~~~~~~~~~~~~~~~~~~~~~~~~~~~~~~~^~\x1b[m\x1b[K\n'}
[1.594534] (cpp_pubsub1) StderrLine: {'line': b'In file included from \x1b[01m\x1b[K/usr/include/c++/11/memory:77\x1b[m\x1b[K,\n'}
[1.594566] (cpp_pubsub1) StderrLine: {'line': b'                 from \x1b[01m\x1b[K/opt/ros/humble/include/rclcpp/rclcpp/rclcpp.hpp:153\x1b[m\x1b[K,\n'}
[1.594593] (cpp_pubsub1) StderrLine: {'line': b'                 from \x1b[01m\x1b[K/home/svaya/Documents/ros2/multithreading/src/cpp_pubsub1/src/main.cpp:1\x1b[m\x1b[K:\n'}
[1.594623] (cpp_pubsub1) StderrLine: {'line': b'\x1b[01m\x1b[K/usr/include/c++/11/bits/shared_ptr.h:875:5:\x1b[m\x1b[K \x1b[01;36m\x1b[Knote: \x1b[m\x1b[Kcandidate: \xe2\x80\x98\x1b[01m\x1b[Ktemplate<class _Tp, class ... _Args> std::shared_ptr<_Tp> std::make_shared(_Args&& ...)\x1b[m\x1b[K\xe2\x80\x99\n'}
[1.594651] (cpp_pubsub1) StderrLine: {'line': b'  875 |     \x1b[01;36m\x1b[Kmake_shared\x1b[m\x1b[K(_Args&&... __args)\n'}
[1.594684] (cpp_pubsub1) StderrLine: {'line': b'      |     \x1b[01;36m\x1b[K^~~~~~~~~~~\x1b[m\x1b[K\n'}
[1.594710] (cpp_pubsub1) StderrLine: {'line': b'\x1b[01m\x1b[K/usr/include/c++/11/bits/shared_ptr.h:875:5:\x1b[m\x1b[K \x1b[01;36m\x1b[Knote: \x1b[m\x1b[K  template argument deduction/substitution failed:\n'}
[1.594737] (cpp_pubsub1) StderrLine: {'line': b'\x1b[01m\x1b[K/home/svaya/Documents/ros2/multithreading/src/cpp_pubsub1/src/main.cpp:11:61:\x1b[m\x1b[K \x1b[01;31m\x1b[Kerror: \x1b[m\x1b[Ktemplate argument 1 is invalid\n'}
[1.594763] (cpp_pubsub1) StderrLine: {'line': b'   11 |     auto publisher_node_1 = \x1b[01;31m\x1b[Kstd::make_shared<PublisherNode1>()\x1b[m\x1b[K;\n'}
[1.594789] (cpp_pubsub1) StderrLine: {'line': b'      |                             \x1b[01;31m\x1b[K~~~~~~~~~~~~~~~~~~~~~~~~~~~~~~~~^~\x1b[m\x1b[K\n'}
[1.596501] (cpp_pubsub1) StderrLine: {'line': b'\x1b[01m\x1b[K/home/svaya/Documents/ros2/multithreading/src/cpp_pubsub1/src/main.cpp:\x1b[m\x1b[K In function \xe2\x80\x98\x1b[01m\x1b[Kvoid run_publisher_node_2()\x1b[m\x1b[K\xe2\x80\x99:\n'}
[1.596586] (cpp_pubsub1) StderrLine: {'line': b'\x1b[01m\x1b[K/home/svaya/Documents/ros2/multithreading/src/cpp_pubsub1/src/main.cpp:17:46:\x1b[m\x1b[K \x1b[01;31m\x1b[Kerror: \x1b[m\x1b[K\xe2\x80\x98\x1b[01m\x1b[KPublisherNode2\x1b[m\x1b[K\xe2\x80\x99 was not declared in this scope; did you mean \xe2\x80\x98\x1b[01m\x1b[Kpublisher_node_2\x1b[m\x1b[K\xe2\x80\x99?\n'}
[1.596623] (cpp_pubsub1) StderrLine: {'line': b'   17 |     auto publisher_node_2 = std::make_shared<\x1b[01;31m\x1b[KPublisherNode2\x1b[m\x1b[K>();\n'}
[1.596653] (cpp_pubsub1) StderrLine: {'line': b'      |                                              \x1b[01;31m\x1b[K^~~~~~~~~~~~~~\x1b[m\x1b[K\n'}
[1.596681] (cpp_pubsub1) StderrLine: {'line': b'      |                                              \x1b[32m\x1b[Kpublisher_node_2\x1b[m\x1b[K\n'}
[1.596707] (cpp_pubsub1) StderrLine: {'line': b'\x1b[01m\x1b[K/home/svaya/Documents/ros2/multithreading/src/cpp_pubsub1/src/main.cpp:17:61:\x1b[m\x1b[K \x1b[01;31m\x1b[Kerror: \x1b[m\x1b[Kno matching function for call to \xe2\x80\x98\x1b[01m\x1b[Kmake_shared<<expression error> >()\x1b[m\x1b[K\xe2\x80\x99\n'}
[1.596734] (cpp_pubsub1) StderrLine: {'line': b'   17 |     auto publisher_node_2 = \x1b[01;31m\x1b[Kstd::make_shared<PublisherNode2>()\x1b[m\x1b[K;\n'}
[1.596760] (cpp_pubsub1) StderrLine: {'line': b'      |                             \x1b[01;31m\x1b[K~~~~~~~~~~~~~~~~~~~~~~~~~~~~~~~~^~\x1b[m\x1b[K\n'}
[1.596785] (cpp_pubsub1) StderrLine: {'line': b'In file included from \x1b[01m\x1b[K/usr/include/c++/11/memory:77\x1b[m\x1b[K,\n'}
[1.596812] (cpp_pubsub1) StderrLine: {'line': b'                 from \x1b[01m\x1b[K/opt/ros/humble/include/rclcpp/rclcpp/rclcpp.hpp:153\x1b[m\x1b[K,\n'}
[1.596840] (cpp_pubsub1) StderrLine: {'line': b'                 from \x1b[01m\x1b[K/home/svaya/Documents/ros2/multithreading/src/cpp_pubsub1/src/main.cpp:1\x1b[m\x1b[K:\n'}
[1.596865] (cpp_pubsub1) StderrLine: {'line': b'\x1b[01m\x1b[K/usr/include/c++/11/bits/shared_ptr.h:875:5:\x1b[m\x1b[K \x1b[01;36m\x1b[Knote: \x1b[m\x1b[Kcandidate: \xe2\x80\x98\x1b[01m\x1b[Ktemplate<class _Tp, class ... _Args> std::shared_ptr<_Tp> std::make_shared(_Args&& ...)\x1b[m\x1b[K\xe2\x80\x99\n'}
[1.596891] (cpp_pubsub1) StderrLine: {'line': b'  875 |     \x1b[01;36m\x1b[Kmake_shared\x1b[m\x1b[K(_Args&&... __args)\n'}
[1.596916] (cpp_pubsub1) StderrLine: {'line': b'      |     \x1b[01;36m\x1b[K^~~~~~~~~~~\x1b[m\x1b[K\n'}
[1.596941] (cpp_pubsub1) StderrLine: {'line': b'\x1b[01m\x1b[K/usr/include/c++/11/bits/shared_ptr.h:875:5:\x1b[m\x1b[K \x1b[01;36m\x1b[Knote: \x1b[m\x1b[K  template argument deduction/substitution failed:\n'}
[1.596966] (cpp_pubsub1) StderrLine: {'line': b'\x1b[01m\x1b[K/home/svaya/Documents/ros2/multithreading/src/cpp_pubsub1/src/main.cpp:17:61:\x1b[m\x1b[K \x1b[01;31m\x1b[Kerror: \x1b[m\x1b[Ktemplate argument 1 is invalid\n'}
[1.596992] (cpp_pubsub1) StderrLine: {'line': b'   17 |     auto publisher_node_2 = \x1b[01;31m\x1b[Kstd::make_shared<PublisherNode2>()\x1b[m\x1b[K;\n'}
[1.597016] (cpp_pubsub1) StderrLine: {'line': b'      |                             \x1b[01;31m\x1b[K~~~~~~~~~~~~~~~~~~~~~~~~~~~~~~~~^~\x1b[m\x1b[K\n'}
[1.598481] (cpp_pubsub1) StderrLine: {'line': b'\x1b[01m\x1b[K/home/svaya/Documents/ros2/multithreading/src/cpp_pubsub1/src/main.cpp:\x1b[m\x1b[K In function \xe2\x80\x98\x1b[01m\x1b[Kvoid run_subscriber_node_1()\x1b[m\x1b[K\xe2\x80\x99:\n'}
[1.598556] (cpp_pubsub1) StderrLine: {'line': b'\x1b[01m\x1b[K/home/svaya/Documents/ros2/multithreading/src/cpp_pubsub1/src/main.cpp:23:47:\x1b[m\x1b[K \x1b[01;31m\x1b[Kerror: \x1b[m\x1b[K\xe2\x80\x98\x1b[01m\x1b[KSubscriberNode1\x1b[m\x1b[K\xe2\x80\x99 was not declared in this scope; did you mean \xe2\x80\x98\x1b[01m\x1b[Ksubscriber_node_1\x1b[m\x1b[K\xe2\x80\x99?\n'}
[1.598592] (cpp_pubsub1) StderrLine: {'line': b'   23 |     auto subscriber_node_1 = std::make_shared<\x1b[01;31m\x1b[KSubscriberNode1\x1b[m\x1b[K>();\n'}
[1.598621] (cpp_pubsub1) StderrLine: {'line': b'      |                                               \x1b[01;31m\x1b[K^~~~~~~~~~~~~~~\x1b[m\x1b[K\n'}
[1.598655] (cpp_pubsub1) StderrLine: {'line': b'      |                                               \x1b[32m\x1b[Ksubscriber_node_1\x1b[m\x1b[K\n'}
[1.598681] (cpp_pubsub1) StderrLine: {'line': b'\x1b[01m\x1b[K/home/svaya/Documents/ros2/multithreading/src/cpp_pubsub1/src/main.cpp:23:63:\x1b[m\x1b[K \x1b[01;31m\x1b[Kerror: \x1b[m\x1b[Kno matching function for call to \xe2\x80\x98\x1b[01m\x1b[Kmake_shared<<expression error> >()\x1b[m\x1b[K\xe2\x80\x99\n'}
[1.598710] (cpp_pubsub1) StderrLine: {'line': b'   23 |     auto subscriber_node_1 = \x1b[01;31m\x1b[Kstd::make_shared<SubscriberNode1>()\x1b[m\x1b[K;\n'}
[1.598735] (cpp_pubsub1) StderrLine: {'line': b'      |                              \x1b[01;31m\x1b[K~~~~~~~~~~~~~~~~~~~~~~~~~~~~~~~~~^~\x1b[m\x1b[K\n'}
[1.598760] (cpp_pubsub1) StderrLine: {'line': b'In file included from \x1b[01m\x1b[K/usr/include/c++/11/memory:77\x1b[m\x1b[K,\n'}
[1.598786] (cpp_pubsub1) StderrLine: {'line': b'                 from \x1b[01m\x1b[K/opt/ros/humble/include/rclcpp/rclcpp/rclcpp.hpp:153\x1b[m\x1b[K,\n'}
[1.598811] (cpp_pubsub1) StderrLine: {'line': b'                 from \x1b[01m\x1b[K/home/svaya/Documents/ros2/multithreading/src/cpp_pubsub1/src/main.cpp:1\x1b[m\x1b[K:\n'}
[1.598838] (cpp_pubsub1) StderrLine: {'line': b'\x1b[01m\x1b[K/usr/include/c++/11/bits/shared_ptr.h:875:5:\x1b[m\x1b[K \x1b[01;36m\x1b[Knote: \x1b[m\x1b[Kcandidate: \xe2\x80\x98\x1b[01m\x1b[Ktemplate<class _Tp, class ... _Args> std::shared_ptr<_Tp> std::make_shared(_Args&& ...)\x1b[m\x1b[K\xe2\x80\x99\n'}
[1.598865] (cpp_pubsub1) StderrLine: {'line': b'  875 |     \x1b[01;36m\x1b[Kmake_shared\x1b[m\x1b[K(_Args&&... __args)\n'}
[1.598890] (cpp_pubsub1) StderrLine: {'line': b'      |     \x1b[01;36m\x1b[K^~~~~~~~~~~\x1b[m\x1b[K\n'}
[1.598916] (cpp_pubsub1) StderrLine: {'line': b'\x1b[01m\x1b[K/usr/include/c++/11/bits/shared_ptr.h:875:5:\x1b[m\x1b[K \x1b[01;36m\x1b[Knote: \x1b[m\x1b[K  template argument deduction/substitution failed:\n'}
[1.598941] (cpp_pubsub1) StderrLine: {'line': b'\x1b[01m\x1b[K/home/svaya/Documents/ros2/multithreading/src/cpp_pubsub1/src/main.cpp:23:63:\x1b[m\x1b[K \x1b[01;31m\x1b[Kerror: \x1b[m\x1b[Ktemplate argument 1 is invalid\n'}
[1.598968] (cpp_pubsub1) StderrLine: {'line': b'   23 |     auto subscriber_node_1 = \x1b[01;31m\x1b[Kstd::make_shared<SubscriberNode1>()\x1b[m\x1b[K;\n'}
[1.598993] (cpp_pubsub1) StderrLine: {'line': b'      |                              \x1b[01;31m\x1b[K~~~~~~~~~~~~~~~~~~~~~~~~~~~~~~~~~^~\x1b[m\x1b[K\n'}
[1.600508] (cpp_pubsub1) StderrLine: {'line': b'\x1b[01m\x1b[K/home/svaya/Documents/ros2/multithreading/src/cpp_pubsub1/src/main.cpp:\x1b[m\x1b[K In function \xe2\x80\x98\x1b[01m\x1b[Kvoid run_subscriber_node_2()\x1b[m\x1b[K\xe2\x80\x99:\n'}
[1.600540] (cpp_pubsub1) StderrLine: {'line': b'\x1b[01m\x1b[K/home/svaya/Documents/ros2/multithreading/src/cpp_pubsub1/src/main.cpp:29:47:\x1b[m\x1b[K \x1b[01;31m\x1b[Kerror: \x1b[m\x1b[K\xe2\x80\x98\x1b[01m\x1b[KSubscriberNode2\x1b[m\x1b[K\xe2\x80\x99 was not declared in this scope; did you mean \xe2\x80\x98\x1b[01m\x1b[Ksubscriber_node_2\x1b[m\x1b[K\xe2\x80\x99?\n'}
[1.600567] (cpp_pubsub1) StderrLine: {'line': b'   29 |     auto subscriber_node_2 = std::make_shared<\x1b[01;31m\x1b[KSubscriberNode2\x1b[m\x1b[K>();\n'}
[1.600594] (cpp_pubsub1) StderrLine: {'line': b'      |                                               \x1b[01;31m\x1b[K^~~~~~~~~~~~~~~\x1b[m\x1b[K\n'}
[1.600618] (cpp_pubsub1) StderrLine: {'line': b'      |                                               \x1b[32m\x1b[Ksubscriber_node_2\x1b[m\x1b[K\n'}
[1.600644] (cpp_pubsub1) StderrLine: {'line': b'\x1b[01m\x1b[K/home/svaya/Documents/ros2/multithreading/src/cpp_pubsub1/src/main.cpp:29:63:\x1b[m\x1b[K \x1b[01;31m\x1b[Kerror: \x1b[m\x1b[Kno matching function for call to \xe2\x80\x98\x1b[01m\x1b[Kmake_shared<<expression error> >()\x1b[m\x1b[K\xe2\x80\x99\n'}
[1.600669] (cpp_pubsub1) StderrLine: {'line': b'   29 |     auto subscriber_node_2 = \x1b[01;31m\x1b[Kstd::make_shared<SubscriberNode2>()\x1b[m\x1b[K;\n'}
[1.600695] (cpp_pubsub1) StderrLine: {'line': b'      |                              \x1b[01;31m\x1b[K~~~~~~~~~~~~~~~~~~~~~~~~~~~~~~~~~^~\x1b[m\x1b[K\n'}
[1.600721] (cpp_pubsub1) StderrLine: {'line': b'In file included from \x1b[01m\x1b[K/usr/include/c++/11/memory:77\x1b[m\x1b[K,\n'}
[1.600746] (cpp_pubsub1) StderrLine: {'line': b'                 from \x1b[01m\x1b[K/opt/ros/humble/include/rclcpp/rclcpp/rclcpp.hpp:153\x1b[m\x1b[K,\n'}
[1.600772] (cpp_pubsub1) StderrLine: {'line': b'                 from \x1b[01m\x1b[K/home/svaya/Documents/ros2/multithreading/src/cpp_pubsub1/src/main.cpp:1\x1b[m\x1b[K:\n'}
[1.600797] (cpp_pubsub1) StderrLine: {'line': b'\x1b[01m\x1b[K/usr/include/c++/11/bits/shared_ptr.h:875:5:\x1b[m\x1b[K \x1b[01;36m\x1b[Knote: \x1b[m\x1b[Kcandidate: \xe2\x80\x98\x1b[01m\x1b[Ktemplate<class _Tp, class ... _Args> std::shared_ptr<_Tp> std::make_shared(_Args&& ...)\x1b[m\x1b[K\xe2\x80\x99\n'}
[1.600822] (cpp_pubsub1) StderrLine: {'line': b'  875 |     \x1b[01;36m\x1b[Kmake_shared\x1b[m\x1b[K(_Args&&... __args)\n'}
[1.600848] (cpp_pubsub1) StderrLine: {'line': b'      |     \x1b[01;36m\x1b[K^~~~~~~~~~~\x1b[m\x1b[K\n'}
[1.600873] (cpp_pubsub1) StderrLine: {'line': b'\x1b[01m\x1b[K/usr/include/c++/11/bits/shared_ptr.h:875:5:\x1b[m\x1b[K \x1b[01;36m\x1b[Knote: \x1b[m\x1b[K  template argument deduction/substitution failed:\n'}
[1.600898] (cpp_pubsub1) StderrLine: {'line': b'\x1b[01m\x1b[K/home/svaya/Documents/ros2/multithreading/src/cpp_pubsub1/src/main.cpp:29:63:\x1b[m\x1b[K \x1b[01;31m\x1b[Kerror: \x1b[m\x1b[Ktemplate argument 1 is invalid\n'}
[1.600923] (cpp_pubsub1) StderrLine: {'line': b'   29 |     auto subscriber_node_2 = \x1b[01;31m\x1b[Kstd::make_shared<SubscriberNode2>()\x1b[m\x1b[K;\n'}
[1.600948] (cpp_pubsub1) StderrLine: {'line': b'      |                              \x1b[01;31m\x1b[K~~~~~~~~~~~~~~~~~~~~~~~~~~~~~~~~~^~\x1b[m\x1b[K\n'}
[1.604368] (-) TimerEvent: {}
[1.704616] (-) TimerEvent: {}
[1.804948] (-) TimerEvent: {}
[1.905264] (-) TimerEvent: {}
[2.005573] (-) TimerEvent: {}
[2.105908] (-) TimerEvent: {}
[2.206302] (-) TimerEvent: {}
[2.306637] (-) TimerEvent: {}
[2.406968] (-) TimerEvent: {}
[2.507360] (-) TimerEvent: {}
[2.607692] (-) TimerEvent: {}
[2.708022] (-) TimerEvent: {}
[2.808367] (-) TimerEvent: {}
[2.905631] (cpp_pubsub1) StderrLine: {'line': b'gmake[2]: *** [CMakeFiles/parallelism.dir/build.make:76: CMakeFiles/parallelism.dir/src/main.cpp.o] Error 1\n'}
[2.905775] (cpp_pubsub1) StderrLine: {'line': b'gmake[1]: *** [CMakeFiles/Makefile2:137: CMakeFiles/parallelism.dir/all] Error 2\n'}
[2.905891] (cpp_pubsub1) StderrLine: {'line': b'gmake: *** [Makefile:146: all] Error 2\n'}
[2.908076] (cpp_pubsub1) CommandEnded: {'returncode': 2}
[2.908416] (-) TimerEvent: {}
[2.916340] (cpp_pubsub1) JobEnded: {'identifier': 'cpp_pubsub1', 'rc': 2}
[2.926739] (-) EventReactorShutdown: {}
