[0.007s] Invoking command in '/home/svaya/Documents/Ros2/ros2_wp/build/tutorial_interfaces': /usr/bin/cmake --build /home/svaya/Documents/Ros2/ros2_wp/build/tutorial_interfaces -- -j28 -l28
[0.028s] -- Found ament_cmake: 1.3.11 (/opt/ros/humble/share/ament_cmake/cmake)
[0.112s] -- Found geometry_msgs: 4.9.0 (/opt/ros/humble/share/geometry_msgs/cmake)
[0.127s] -- Found rosidl_generator_c: 3.1.6 (/opt/ros/humble/share/rosidl_generator_c/cmake)
[0.129s] -- Found rosidl_adapter: 3.1.6 (/opt/ros/humble/share/rosidl_adapter/cmake)
[0.132s] -- Found rosidl_generator_cpp: 3.1.6 (/opt/ros/humble/share/rosidl_generator_cpp/cmake)
[0.138s] -- Using all available rosidl_typesupport_c: rosidl_typesupport_fastrtps_c;rosidl_typesupport_introspection_c
[0.146s] -- Using all available rosidl_typesupport_cpp: rosidl_typesupport_fastrtps_cpp;rosidl_typesupport_introspection_cpp
[0.169s] -- Found rosidl_default_generators: 1.2.0 (/opt/ros/humble/share/rosidl_default_generators/cmake)
[0.173s] -- Found rclcpp: 16.0.12 (/opt/ros/humble/share/rclcpp/cmake)
[0.195s] -- Found rmw_implementation_cmake: 6.1.2 (/opt/ros/humble/share/rmw_implementation_cmake/cmake)
[0.197s] -- Found rmw_fastrtps_cpp: 6.2.7 (/opt/ros/humble/share/rmw_fastrtps_cpp/cmake)
[0.270s] -- Found OpenSSL: /usr/lib/x86_64-linux-gnu/libcrypto.so (found version "3.0.2")  
[0.297s] -- Found FastRTPS: /opt/ros/humble/include  
[0.332s] -- Using RMW implementation 'rmw_fastrtps_cpp' as default
[0.337s] -- Looking for pthread.h
[0.394s] -- Looking for pthread.h - found
[0.394s] -- Performing Test CMAKE_HAVE_LIBC_PTHREAD
[0.452s] -- Performing Test CMAKE_HAVE_LIBC_PTHREAD - Success
[0.452s] -- Found Threads: TRUE  
[0.485s] -- Found tutorial_interfaces: 0.0.0 (/home/svaya/Documents/Ros2/ros2_wp/install/tutorial_interfaces/share/tutorial_interfaces/cmake)
[0.630s] Error parsing '/home/svaya/Documents/Ros2/ros2_wp/src/tutorial_interfaces/package.xml':
[0.659s] Traceback (most recent call last):
[0.659s]   File "/opt/ros/humble/share/ament_cmake_core/cmake/core/package_xml_2_cmake.py", line 150, in <module>
[0.659s]     main()
[0.659s]   File "/opt/ros/humble/share/ament_cmake_core/cmake/core/package_xml_2_cmake.py", line 53, in main
[0.659s]     raise e
[0.659s]   File "/opt/ros/humble/share/ament_cmake_core/cmake/core/package_xml_2_cmake.py", line 49, in main
[0.659s]     package = parse_package_string(
[0.659s]   File "/usr/lib/python3/dist-packages/catkin_pkg/package.py", line 788, in parse_package_string
[0.659s]     pkg.validate(warnings=warnings)
[0.659s]   File "/usr/lib/python3/dist-packages/catkin_pkg/package.py", line 330, in validate
[0.659s]     raise InvalidPackage('\n'.join(errors), self.filename)
[0.659s] catkin_pkg.package.InvalidPackage: Error(s) in package '/home/svaya/Documents/Ros2/ros2_wp/src/tutorial_interfaces/package.xml':
[0.659s] The package "tutorial_interfaces" must not "build_depend" on a package with the same name as this package
[0.660s] The package "tutorial_interfaces" must not "build_export_depend" on a package with the same name as this package
[0.660s] The package "tutorial_interfaces" must not "exec_depend" on a package with the same name as this package
[0.668s] [31mCMake Error at /opt/ros/humble/share/ament_cmake_core/cmake/core/ament_package_xml.cmake:95 (message):
[0.668s]   execute_process(/usr/bin/python3
[0.668s]   /opt/ros/humble/share/ament_cmake_core/cmake/core/package_xml_2_cmake.py
[0.668s]   /home/svaya/Documents/Ros2/ros2_wp/src/tutorial_interfaces/package.xml
[0.668s]   /home/svaya/Documents/Ros2/ros2_wp/build/tutorial_interfaces/ament_cmake_core/package.cmake)
[0.668s]   returned error code 1
[0.668s] Call Stack (most recent call first):
[0.668s]   /opt/ros/humble/share/ament_cmake_core/cmake/core/ament_package_xml.cmake:49 (_ament_package_xml)
[0.668s]   /opt/ros/humble/share/rosidl_cmake/cmake/rosidl_generate_interfaces.cmake:226 (ament_package_xml)
[0.668s]   CMakeLists.txt:18 (rosidl_generate_interfaces)
[0.668s] 
[0.668s] [0m
[0.668s] -- Configuring incomplete, errors occurred!
[0.668s] See also "/home/svaya/Documents/Ros2/ros2_wp/build/tutorial_interfaces/CMakeFiles/CMakeOutput.log".
[0.673s] gmake: *** [Makefile:1179: cmake_check_build_system] Error 1
[0.675s] Invoked command in '/home/svaya/Documents/Ros2/ros2_wp/build/tutorial_interfaces' returned '2': /usr/bin/cmake --build /home/svaya/Documents/Ros2/ros2_wp/build/tutorial_interfaces -- -j28 -l28
