[0.007s] Invoking command in '/home/svaya/Documents/ros2/multithreading/build/cpp_pubsub1': CMAKE_PREFIX_PATH=/opt/ros/humble /usr/bin/cmake --build /home/svaya/Documents/ros2/multithreading/build/cpp_pubsub1 -- -j28 -l28
[0.025s] -- Found ament_cmake: 1.3.11 (/opt/ros/humble/share/ament_cmake/cmake)
[0.109s] -- Found rclcpp: 16.0.12 (/opt/ros/humble/share/rclcpp/cmake)
[0.125s] -- Found rosidl_generator_c: 3.1.6 (/opt/ros/humble/share/rosidl_generator_c/cmake)
[0.127s] -- Found rosidl_adapter: 3.1.6 (/opt/ros/humble/share/rosidl_adapter/cmake)
[0.130s] -- Found rosidl_generator_cpp: 3.1.6 (/opt/ros/humble/share/rosidl_generator_cpp/cmake)
[0.136s] -- Using all available rosidl_typesupport_c: rosidl_typesupport_fastrtps_c;rosidl_typesupport_introspection_c
[0.143s] -- Using all available rosidl_typesupport_cpp: rosidl_typesupport_fastrtps_cpp;rosidl_typesupport_introspection_cpp
[0.162s] -- Found rmw_implementation_cmake: 6.1.2 (/opt/ros/humble/share/rmw_implementation_cmake/cmake)
[0.163s] -- Found rmw_fastrtps_cpp: 6.2.7 (/opt/ros/humble/share/rmw_fastrtps_cpp/cmake)
[0.225s] -- Using RMW implementation 'rmw_fastrtps_cpp' as default
[0.296s] -- Configuring done
[0.300s] -- Generating done
[0.302s] -- Build files have been written to: /home/svaya/Documents/ros2/multithreading/build/cpp_pubsub1
[0.320s] [35m[1mConsolidate compiler generated dependencies of target parallelism[0m
[0.332s] [ 50%] [32mBuilding CXX object CMakeFiles/parallelism.dir/src/main.cpp.o[0m
[1.591s] In file included from [01m[K/home/svaya/Documents/ros2/multithreading/src/cpp_pubsub1/src/main.cpp:6[m[K:
[1.591s] [01m[K/home/svaya/Documents/ros2/multithreading/src/cpp_pubsub1/src/../include/cpp_pubsub1/subscriber1_member_function.hpp:7:7:[m[K [01;31m[Kerror: [m[Kredefinition of â€˜[01m[Kclass MinimalSubscriber1[m[Kâ€™
[1.591s]     7 | class [01;31m[KMinimalSubscriber1[m[K : public rclcpp::Node
[1.591s]       |       [01;31m[K^~~~~~~~~~~~~~~~~~[m[K
[1.591s] In file included from [01m[K/home/svaya/Documents/ros2/multithreading/src/cpp_pubsub1/src/main.cpp:5[m[K:
[1.591s] [01m[K/home/svaya/Documents/ros2/multithreading/src/cpp_pubsub1/src/../include/cpp_pubsub1/subscriber1_member_function.hpp:7:7:[m[K [01;36m[Knote: [m[Kprevious definition of â€˜[01m[Kclass MinimalSubscriber1[m[Kâ€™
[1.591s]     7 | class [01;36m[KMinimalSubscriber1[m[K : public rclcpp::Node
[1.591s]       |       [01;36m[K^~~~~~~~~~~~~~~~~~[m[K
[1.594s] [01m[K/home/svaya/Documents/ros2/multithreading/src/cpp_pubsub1/src/main.cpp:[m[K In function â€˜[01m[Kvoid run_publisher_node_1()[m[Kâ€™:
[1.594s] [01m[K/home/svaya/Documents/ros2/multithreading/src/cpp_pubsub1/src/main.cpp:11:46:[m[K [01;31m[Kerror: [m[Kâ€˜[01m[KPublisherNode1[m[Kâ€™ was not declared in this scope; did you mean â€˜[01m[Kpublisher_node_1[m[Kâ€™?
[1.594s]    11 |     auto publisher_node_1 = std::make_shared<[01;31m[KPublisherNode1[m[K>();
[1.594s]       |                                              [01;31m[K^~~~~~~~~~~~~~[m[K
[1.594s]       |                                              [32m[Kpublisher_node_1[m[K
[1.594s] [01m[K/home/svaya/Documents/ros2/multithreading/src/cpp_pubsub1/src/main.cpp:11:61:[m[K [01;31m[Kerror: [m[Kno matching function for call to â€˜[01m[Kmake_shared<<expression error> >()[m[Kâ€™
[1.594s]    11 |     auto publisher_node_1 = [01;31m[Kstd::make_shared<PublisherNode1>()[m[K;
[1.594s]       |                             [01;31m[K~~~~~~~~~~~~~~~~~~~~~~~~~~~~~~~~^~[m[K
[1.594s] In file included from [01m[K/usr/include/c++/11/memory:77[m[K,
[1.594s]                  from [01m[K/opt/ros/humble/include/rclcpp/rclcpp/rclcpp.hpp:153[m[K,
[1.594s]                  from [01m[K/home/svaya/Documents/ros2/multithreading/src/cpp_pubsub1/src/main.cpp:1[m[K:
[1.594s] [01m[K/usr/include/c++/11/bits/shared_ptr.h:875:5:[m[K [01;36m[Knote: [m[Kcandidate: â€˜[01m[Ktemplate<class _Tp, class ... _Args> std::shared_ptr<_Tp> std::make_shared(_Args&& ...)[m[Kâ€™
[1.594s]   875 |     [01;36m[Kmake_shared[m[K(_Args&&... __args)
[1.594s]       |     [01;36m[K^~~~~~~~~~~[m[K
[1.594s] [01m[K/usr/include/c++/11/bits/shared_ptr.h:875:5:[m[K [01;36m[Knote: [m[K  template argument deduction/substitution failed:
[1.594s] [01m[K/home/svaya/Documents/ros2/multithreading/src/cpp_pubsub1/src/main.cpp:11:61:[m[K [01;31m[Kerror: [m[Ktemplate argument 1 is invalid
[1.594s]    11 |     auto publisher_node_1 = [01;31m[Kstd::make_shared<PublisherNode1>()[m[K;
[1.594s]       |                             [01;31m[K~~~~~~~~~~~~~~~~~~~~~~~~~~~~~~~~^~[m[K
[1.596s] [01m[K/home/svaya/Documents/ros2/multithreading/src/cpp_pubsub1/src/main.cpp:[m[K In function â€˜[01m[Kvoid run_publisher_node_2()[m[Kâ€™:
[1.596s] [01m[K/home/svaya/Documents/ros2/multithreading/src/cpp_pubsub1/src/main.cpp:17:46:[m[K [01;31m[Kerror: [m[Kâ€˜[01m[KPublisherNode2[m[Kâ€™ was not declared in this scope; did you mean â€˜[01m[Kpublisher_node_2[m[Kâ€™?
[1.596s]    17 |     auto publisher_node_2 = std::make_shared<[01;31m[KPublisherNode2[m[K>();
[1.596s]       |                                              [01;31m[K^~~~~~~~~~~~~~[m[K
[1.596s]       |                                              [32m[Kpublisher_node_2[m[K
[1.596s] [01m[K/home/svaya/Documents/ros2/multithreading/src/cpp_pubsub1/src/main.cpp:17:61:[m[K [01;31m[Kerror: [m[Kno matching function for call to â€˜[01m[Kmake_shared<<expression error> >()[m[Kâ€™
[1.596s]    17 |     auto publisher_node_2 = [01;31m[Kstd::make_shared<PublisherNode2>()[m[K;
[1.596s]       |                             [01;31m[K~~~~~~~~~~~~~~~~~~~~~~~~~~~~~~~~^~[m[K
[1.596s] In file included from [01m[K/usr/include/c++/11/memory:77[m[K,
[1.596s]                  from [01m[K/opt/ros/humble/include/rclcpp/rclcpp/rclcpp.hpp:153[m[K,
[1.596s]                  from [01m[K/home/svaya/Documents/ros2/multithreading/src/cpp_pubsub1/src/main.cpp:1[m[K:
[1.596s] [01m[K/usr/include/c++/11/bits/shared_ptr.h:875:5:[m[K [01;36m[Knote: [m[Kcandidate: â€˜[01m[Ktemplate<class _Tp, class ... _Args> std::shared_ptr<_Tp> std::make_shared(_Args&& ...)[m[Kâ€™
[1.596s]   875 |     [01;36m[Kmake_shared[m[K(_Args&&... __args)
[1.596s]       |     [01;36m[K^~~~~~~~~~~[m[K
[1.596s] [01m[K/usr/include/c++/11/bits/shared_ptr.h:875:5:[m[K [01;36m[Knote: [m[K  template argument deduction/substitution failed:
[1.596s] [01m[K/home/svaya/Documents/ros2/multithreading/src/cpp_pubsub1/src/main.cpp:17:61:[m[K [01;31m[Kerror: [m[Ktemplate argument 1 is invalid
[1.596s]    17 |     auto publisher_node_2 = [01;31m[Kstd::make_shared<PublisherNode2>()[m[K;
[1.596s]       |                             [01;31m[K~~~~~~~~~~~~~~~~~~~~~~~~~~~~~~~~^~[m[K
[1.598s] [01m[K/home/svaya/Documents/ros2/multithreading/src/cpp_pubsub1/src/main.cpp:[m[K In function â€˜[01m[Kvoid run_subscriber_node_1()[m[Kâ€™:
[1.598s] [01m[K/home/svaya/Documents/ros2/multithreading/src/cpp_pubsub1/src/main.cpp:23:47:[m[K [01;31m[Kerror: [m[Kâ€˜[01m[KSubscriberNode1[m[Kâ€™ was not declared in this scope; did you mean â€˜[01m[Ksubscriber_node_1[m[Kâ€™?
[1.598s]    23 |     auto subscriber_node_1 = std::make_shared<[01;31m[KSubscriberNode1[m[K>();
[1.598s]       |                                               [01;31m[K^~~~~~~~~~~~~~~[m[K
[1.598s]       |                                               [32m[Ksubscriber_node_1[m[K
[1.598s] [01m[K/home/svaya/Documents/ros2/multithreading/src/cpp_pubsub1/src/main.cpp:23:63:[m[K [01;31m[Kerror: [m[Kno matching function for call to â€˜[01m[Kmake_shared<<expression error> >()[m[Kâ€™
[1.598s]    23 |     auto subscriber_node_1 = [01;31m[Kstd::make_shared<SubscriberNode1>()[m[K;
[1.598s]       |                              [01;31m[K~~~~~~~~~~~~~~~~~~~~~~~~~~~~~~~~~^~[m[K
[1.598s] In file included from [01m[K/usr/include/c++/11/memory:77[m[K,
[1.598s]                  from [01m[K/opt/ros/humble/include/rclcpp/rclcpp/rclcpp.hpp:153[m[K,
[1.598s]                  from [01m[K/home/svaya/Documents/ros2/multithreading/src/cpp_pubsub1/src/main.cpp:1[m[K:
[1.598s] [01m[K/usr/include/c++/11/bits/shared_ptr.h:875:5:[m[K [01;36m[Knote: [m[Kcandidate: â€˜[01m[Ktemplate<class _Tp, class ... _Args> std::shared_ptr<_Tp> std::make_shared(_Args&& ...)[m[Kâ€™
[1.598s]   875 |     [01;36m[Kmake_shared[m[K(_Args&&... __args)
[1.598s]       |     [01;36m[K^~~~~~~~~~~[m[K
[1.598s] [01m[K/usr/include/c++/11/bits/shared_ptr.h:875:5:[m[K [01;36m[Knote: [m[K  template argument deduction/substitution failed:
[1.598s] [01m[K/home/svaya/Documents/ros2/multithreading/src/cpp_pubsub1/src/main.cpp:23:63:[m[K [01;31m[Kerror: [m[Ktemplate argument 1 is invalid
[1.598s]    23 |     auto subscriber_node_1 = [01;31m[Kstd::make_shared<SubscriberNode1>()[m[K;
[1.598s]       |                              [01;31m[K~~~~~~~~~~~~~~~~~~~~~~~~~~~~~~~~~^~[m[K
[1.600s] [01m[K/home/svaya/Documents/ros2/multithreading/src/cpp_pubsub1/src/main.cpp:[m[K In function â€˜[01m[Kvoid run_subscriber_node_2()[m[Kâ€™:
[1.600s] [01m[K/home/svaya/Documents/ros2/multithreading/src/cpp_pubsub1/src/main.cpp:29:47:[m[K [01;31m[Kerror: [m[Kâ€˜[01m[KSubscriberNode2[m[Kâ€™ was not declared in this scope; did you mean â€˜[01m[Ksubscriber_node_2[m[Kâ€™?
[1.600s]    29 |     auto subscriber_node_2 = std::make_shared<[01;31m[KSubscriberNode2[m[K>();
[1.600s]       |                                               [01;31m[K^~~~~~~~~~~~~~~[m[K
[1.600s]       |                                               [32m[Ksubscriber_node_2[m[K
[1.600s] [01m[K/home/svaya/Documents/ros2/multithreading/src/cpp_pubsub1/src/main.cpp:29:63:[m[K [01;31m[Kerror: [m[Kno matching function for call to â€˜[01m[Kmake_shared<<expression error> >()[m[Kâ€™
[1.600s]    29 |     auto subscriber_node_2 = [01;31m[Kstd::make_shared<SubscriberNode2>()[m[K;
[1.600s]       |                              [01;31m[K~~~~~~~~~~~~~~~~~~~~~~~~~~~~~~~~~^~[m[K
[1.600s] In file included from [01m[K/usr/include/c++/11/memory:77[m[K,
[1.600s]                  from [01m[K/opt/ros/humble/include/rclcpp/rclcpp/rclcpp.hpp:153[m[K,
[1.600s]                  from [01m[K/home/svaya/Documents/ros2/multithreading/src/cpp_pubsub1/src/main.cpp:1[m[K:
[1.600s] [01m[K/usr/include/c++/11/bits/shared_ptr.h:875:5:[m[K [01;36m[Knote: [m[Kcandidate: â€˜[01m[Ktemplate<class _Tp, class ... _Args> std::shared_ptr<_Tp> std::make_shared(_Args&& ...)[m[Kâ€™
[1.600s]   875 |     [01;36m[Kmake_shared[m[K(_Args&&... __args)
[1.600s]       |     [01;36m[K^~~~~~~~~~~[m[K
[1.600s] [01m[K/usr/include/c++/11/bits/shared_ptr.h:875:5:[m[K [01;36m[Knote: [m[K  template argument deduction/substitution failed:
[1.600s] [01m[K/home/svaya/Documents/ros2/multithreading/src/cpp_pubsub1/src/main.cpp:29:63:[m[K [01;31m[Kerror: [m[Ktemplate argument 1 is invalid
[1.600s]    29 |     auto subscriber_node_2 = [01;31m[Kstd::make_shared<SubscriberNode2>()[m[K;
[1.600s]       |                              [01;31m[K~~~~~~~~~~~~~~~~~~~~~~~~~~~~~~~~~^~[m[K
[2.905s] gmake[2]: *** [CMakeFiles/parallelism.dir/build.make:76: CMakeFiles/parallelism.dir/src/main.cpp.o] Error 1
[2.905s] gmake[1]: *** [CMakeFiles/Makefile2:137: CMakeFiles/parallelism.dir/all] Error 2
[2.905s] gmake: *** [Makefile:146: all] Error 2
[2.908s] Invoked command in '/home/svaya/Documents/ros2/multithreading/build/cpp_pubsub1' returned '2': CMAKE_PREFIX_PATH=/opt/ros/humble /usr/bin/cmake --build /home/svaya/Documents/ros2/multithreading/build/cpp_pubsub1 -- -j28 -l28
