[35m[1mConsolidate compiler generated dependencies of target parallelism[0m
[ 50%] [32mBuilding CXX object CMakeFiles/parallelism.dir/src/main.cpp.o[0m
[01m[K/home/svaya/Documents/ros2/multithreading/src/cpp_pubsub1/src/main.cpp:[m[K In function â€˜[01m[Kvoid run_publisher_node_1()[m[Kâ€™:
[01m[K/home/svaya/Documents/ros2/multithreading/src/cpp_pubsub1/src/main.cpp:11:35:[m[K [01;31m[Kerror: [m[Kâ€˜[01m[KPublisherNode1[m[Kâ€™ was not declared in this scope; did you mean â€˜[01m[Krun_publisher_node_1[m[Kâ€™?
   11 |     rclcpp::spin(std::make_shared<[01;31m[KPublisherNode1[m[K>());
      |                                   [01;31m[K^~~~~~~~~~~~~~[m[K
      |                                   [32m[Krun_publisher_node_1[m[K
[01m[K/home/svaya/Documents/ros2/multithreading/src/cpp_pubsub1/src/main.cpp:11:50:[m[K [01;31m[Kerror: [m[Kno matching function for call to â€˜[01m[Kmake_shared<<expression error> >()[m[Kâ€™
   11 |     rclcpp::spin([01;31m[Kstd::make_shared<PublisherNode1>()[m[K);
      |                  [01;31m[K~~~~~~~~~~~~~~~~~~~~~~~~~~~~~~~~^~[m[K
In file included from [01m[K/usr/include/c++/11/memory:77[m[K,
                 from [01m[K/opt/ros/humble/include/rclcpp/rclcpp/rclcpp.hpp:153[m[K,
                 from [01m[K/home/svaya/Documents/ros2/multithreading/src/cpp_pubsub1/src/main.cpp:1[m[K:
[01m[K/usr/include/c++/11/bits/shared_ptr.h:875:5:[m[K [01;36m[Knote: [m[Kcandidate: â€˜[01m[Ktemplate<class _Tp, class ... _Args> std::shared_ptr<_Tp> std::make_shared(_Args&& ...)[m[Kâ€™
  875 |     [01;36m[Kmake_shared[m[K(_Args&&... __args)
      |     [01;36m[K^~~~~~~~~~~[m[K
[01m[K/usr/include/c++/11/bits/shared_ptr.h:875:5:[m[K [01;36m[Knote: [m[K  template argument deduction/substitution failed:
[01m[K/home/svaya/Documents/ros2/multithreading/src/cpp_pubsub1/src/main.cpp:11:50:[m[K [01;31m[Kerror: [m[Ktemplate argument 1 is invalid
   11 |     rclcpp::spin([01;31m[Kstd::make_shared<PublisherNode1>()[m[K);
      |                  [01;31m[K~~~~~~~~~~~~~~~~~~~~~~~~~~~~~~~~^~[m[K
[01m[K/home/svaya/Documents/ros2/multithreading/src/cpp_pubsub1/src/main.cpp:[m[K In function â€˜[01m[Kvoid run_publisher_node_2()[m[Kâ€™:
[01m[K/home/svaya/Documents/ros2/multithreading/src/cpp_pubsub1/src/main.cpp:16:35:[m[K [01;31m[Kerror: [m[Kâ€˜[01m[KPublisherNode2[m[Kâ€™ was not declared in this scope; did you mean â€˜[01m[Krun_publisher_node_2[m[Kâ€™?
   16 |     rclcpp::spin(std::make_shared<[01;31m[KPublisherNode2[m[K>());
      |                                   [01;31m[K^~~~~~~~~~~~~~[m[K
      |                                   [32m[Krun_publisher_node_2[m[K
[01m[K/home/svaya/Documents/ros2/multithreading/src/cpp_pubsub1/src/main.cpp:16:50:[m[K [01;31m[Kerror: [m[Kno matching function for call to â€˜[01m[Kmake_shared<<expression error> >()[m[Kâ€™
   16 |     rclcpp::spin([01;31m[Kstd::make_shared<PublisherNode2>()[m[K);
      |                  [01;31m[K~~~~~~~~~~~~~~~~~~~~~~~~~~~~~~~~^~[m[K
In file included from [01m[K/usr/include/c++/11/memory:77[m[K,
                 from [01m[K/opt/ros/humble/include/rclcpp/rclcpp/rclcpp.hpp:153[m[K,
                 from [01m[K/home/svaya/Documents/ros2/multithreading/src/cpp_pubsub1/src/main.cpp:1[m[K:
[01m[K/usr/include/c++/11/bits/shared_ptr.h:875:5:[m[K [01;36m[Knote: [m[Kcandidate: â€˜[01m[Ktemplate<class _Tp, class ... _Args> std::shared_ptr<_Tp> std::make_shared(_Args&& ...)[m[Kâ€™
  875 |     [01;36m[Kmake_shared[m[K(_Args&&... __args)
      |     [01;36m[K^~~~~~~~~~~[m[K
[01m[K/usr/include/c++/11/bits/shared_ptr.h:875:5:[m[K [01;36m[Knote: [m[K  template argument deduction/substitution failed:
[01m[K/home/svaya/Documents/ros2/multithreading/src/cpp_pubsub1/src/main.cpp:16:50:[m[K [01;31m[Kerror: [m[Ktemplate argument 1 is invalid
   16 |     rclcpp::spin([01;31m[Kstd::make_shared<PublisherNode2>()[m[K);
      |                  [01;31m[K~~~~~~~~~~~~~~~~~~~~~~~~~~~~~~~~^~[m[K
[01m[K/home/svaya/Documents/ros2/multithreading/src/cpp_pubsub1/src/main.cpp:[m[K In function â€˜[01m[Kvoid run_subscriber_node_1()[m[Kâ€™:
[01m[K/home/svaya/Documents/ros2/multithreading/src/cpp_pubsub1/src/main.cpp:21:35:[m[K [01;31m[Kerror: [m[Kâ€˜[01m[KSubscriberNode1[m[Kâ€™ was not declared in this scope; did you mean â€˜[01m[Krun_subscriber_node_1[m[Kâ€™?
   21 |     rclcpp::spin(std::make_shared<[01;31m[KSubscriberNode1[m[K>());
      |                                   [01;31m[K^~~~~~~~~~~~~~~[m[K
      |                                   [32m[Krun_subscriber_node_1[m[K
[01m[K/home/svaya/Documents/ros2/multithreading/src/cpp_pubsub1/src/main.cpp:21:51:[m[K [01;31m[Kerror: [m[Kno matching function for call to â€˜[01m[Kmake_shared<<expression error> >()[m[Kâ€™
   21 |     rclcpp::spin([01;31m[Kstd::make_shared<SubscriberNode1>()[m[K);
      |                  [01;31m[K~~~~~~~~~~~~~~~~~~~~~~~~~~~~~~~~~^~[m[K
In file included from [01m[K/usr/include/c++/11/memory:77[m[K,
                 from [01m[K/opt/ros/humble/include/rclcpp/rclcpp/rclcpp.hpp:153[m[K,
                 from [01m[K/home/svaya/Documents/ros2/multithreading/src/cpp_pubsub1/src/main.cpp:1[m[K:
[01m[K/usr/include/c++/11/bits/shared_ptr.h:875:5:[m[K [01;36m[Knote: [m[Kcandidate: â€˜[01m[Ktemplate<class _Tp, class ... _Args> std::shared_ptr<_Tp> std::make_shared(_Args&& ...)[m[Kâ€™
  875 |     [01;36m[Kmake_shared[m[K(_Args&&... __args)
      |     [01;36m[K^~~~~~~~~~~[m[K
[01m[K/usr/include/c++/11/bits/shared_ptr.h:875:5:[m[K [01;36m[Knote: [m[K  template argument deduction/substitution failed:
[01m[K/home/svaya/Documents/ros2/multithreading/src/cpp_pubsub1/src/main.cpp:21:51:[m[K [01;31m[Kerror: [m[Ktemplate argument 1 is invalid
   21 |     rclcpp::spin([01;31m[Kstd::make_shared<SubscriberNode1>()[m[K);
      |                  [01;31m[K~~~~~~~~~~~~~~~~~~~~~~~~~~~~~~~~~^~[m[K
[01m[K/home/svaya/Documents/ros2/multithreading/src/cpp_pubsub1/src/main.cpp:[m[K In function â€˜[01m[Kvoid run_subscriber_node_2()[m[Kâ€™:
[01m[K/home/svaya/Documents/ros2/multithreading/src/cpp_pubsub1/src/main.cpp:26:35:[m[K [01;31m[Kerror: [m[Kâ€˜[01m[KSubscriberNode2[m[Kâ€™ was not declared in this scope; did you mean â€˜[01m[Krun_subscriber_node_2[m[Kâ€™?
   26 |     rclcpp::spin(std::make_shared<[01;31m[KSubscriberNode2[m[K>(););
      |                                   [01;31m[K^~~~~~~~~~~~~~~[m[K
      |                                   [32m[Krun_subscriber_node_2[m[K
[01m[K/home/svaya/Documents/ros2/multithreading/src/cpp_pubsub1/src/main.cpp:26:51:[m[K [01;31m[Kerror: [m[Kno matching function for call to â€˜[01m[Kmake_shared<<expression error> >()[m[Kâ€™
   26 |     rclcpp::spin([01;31m[Kstd::make_shared<SubscriberNode2>()[m[K;);
      |                  [01;31m[K~~~~~~~~~~~~~~~~~~~~~~~~~~~~~~~~~^~[m[K
In file included from [01m[K/usr/include/c++/11/memory:77[m[K,
                 from [01m[K/opt/ros/humble/include/rclcpp/rclcpp/rclcpp.hpp:153[m[K,
                 from [01m[K/home/svaya/Documents/ros2/multithreading/src/cpp_pubsub1/src/main.cpp:1[m[K:
[01m[K/usr/include/c++/11/bits/shared_ptr.h:875:5:[m[K [01;36m[Knote: [m[Kcandidate: â€˜[01m[Ktemplate<class _Tp, class ... _Args> std::shared_ptr<_Tp> std::make_shared(_Args&& ...)[m[Kâ€™
  875 |     [01;36m[Kmake_shared[m[K(_Args&&... __args)
      |     [01;36m[K^~~~~~~~~~~[m[K
[01m[K/usr/include/c++/11/bits/shared_ptr.h:875:5:[m[K [01;36m[Knote: [m[K  template argument deduction/substitution failed:
[01m[K/home/svaya/Documents/ros2/multithreading/src/cpp_pubsub1/src/main.cpp:26:51:[m[K [01;31m[Kerror: [m[Ktemplate argument 1 is invalid
   26 |     rclcpp::spin([01;31m[Kstd::make_shared<SubscriberNode2>()[m[K;);
      |                  [01;31m[K~~~~~~~~~~~~~~~~~~~~~~~~~~~~~~~~~^~[m[K
[01m[K/home/svaya/Documents/ros2/multithreading/src/cpp_pubsub1/src/main.cpp:26:54:[m[K [01;31m[Kerror: [m[Kexpected primary-expression before â€˜[01m[K)[m[Kâ€™ token
   26 |     rclcpp::spin(std::make_shared<SubscriberNode2>();[01;31m[K)[m[K;
      |                                                      [01;31m[K^[m[K
gmake[2]: *** [CMakeFiles/parallelism.dir/build.make:76: CMakeFiles/parallelism.dir/src/main.cpp.o] Error 1
gmake[1]: *** [CMakeFiles/Makefile2:137: CMakeFiles/parallelism.dir/all] Error 2
gmake: *** [Makefile:146: all] Error 2
