[ 50%] [32mBuilding CXX object CMakeFiles/parallelism.dir/src/main.cpp.o[0m
[01m[K/home/svaya/Documents/ros2/multithreading/src/cpp_pubsub1/src/main.cpp:3:10:[m[K [01;31m[Kfatal error: [m[K../include/cpp_pub1/publisher1_member_function.hpp: No such file or directory
    3 | #include [01;31m[K"../include/cpp_pub1/publisher1_member_function.hpp"[m[K
      |          [01;31m[K^~~~~~~~~~~~~~~~~~~~~~~~~~~~~~~~~~~~~~~~~~~~~~~~~~~~[m[K
compilation terminated.
gmake[2]: *** [CMakeFiles/parallelism.dir/build.make:76: CMakeFiles/parallelism.dir/src/main.cpp.o] Error 1
gmake[1]: *** [CMakeFiles/Makefile2:137: CMakeFiles/parallelism.dir/all] Error 2
gmake: *** [Makefile:146: all] Error 2
