[0.007s] Invoking command in '/home/svaya/Documents/ros2/multithreading/build/cpp_pubsub1': CMAKE_PREFIX_PATH=/opt/ros/humble /usr/bin/cmake --build /home/svaya/Documents/ros2/multithreading/build/cpp_pubsub1 -- -j28 -l28
[0.052s] [ 50%] [32mBuilding CXX object CMakeFiles/parallelism.dir/src/main.cpp.o[0m
[0.181s] [01m[K/home/svaya/Documents/ros2/multithreading/src/cpp_pubsub1/src/main.cpp:3:10:[m[K [01;31m[Kfatal error: [m[K../include/cpp_pub1/publisher1_member_function.hpp: No such file or directory
[0.181s]     3 | #include [01;31m[K"../include/cpp_pub1/publisher1_member_function.hpp"[m[K
[0.181s]       |          [01;31m[K^~~~~~~~~~~~~~~~~~~~~~~~~~~~~~~~~~~~~~~~~~~~~~~~~~~~[m[K
[0.181s] compilation terminated.
[0.187s] gmake[2]: *** [CMakeFiles/parallelism.dir/build.make:76: CMakeFiles/parallelism.dir/src/main.cpp.o] Error 1
[0.187s] gmake[1]: *** [CMakeFiles/Makefile2:137: CMakeFiles/parallelism.dir/all] Error 2
[0.188s] gmake: *** [Makefile:146: all] Error 2
[0.190s] Invoked command in '/home/svaya/Documents/ros2/multithreading/build/cpp_pubsub1' returned '2': CMAKE_PREFIX_PATH=/opt/ros/humble /usr/bin/cmake --build /home/svaya/Documents/ros2/multithreading/build/cpp_pubsub1 -- -j28 -l28
