[01m[K/home/svaya/Documents/ros2/multithreading/src/cpp_pubsub1/src/main.cpp:[m[K In function â€˜[01m[Kvoid run_subscriber_node_2()[m[Kâ€™:
[01m[K/home/svaya/Documents/ros2/multithreading/src/cpp_pubsub1/src/main.cpp:27:56:[m[K [01;31m[Kerror: [m[Kexpected â€˜[01m[K)[m[Kâ€™ before â€˜[01m[K;[m[Kâ€™ token
   27 |     rclcpp::spin[34m[K([m[Kstd::make_shared<MinimalSubscriber2>()[01;31m[K;[m[K);
      |                 [34m[K~[m[K                                      [01;31m[K^[m[K
      |                                                        [32m[K)[m[K
[01m[K/home/svaya/Documents/ros2/multithreading/src/cpp_pubsub1/src/main.cpp:27:57:[m[K [01;31m[Kerror: [m[Kexpected primary-expression before â€˜[01m[K)[m[Kâ€™ token
   27 |     rclcpp::spin(std::make_shared<MinimalSubscriber2>();[01;31m[K)[m[K;
      |                                                         [01;31m[K^[m[K
gmake[2]: *** [CMakeFiles/parallelism.dir/build.make:76: CMakeFiles/parallelism.dir/src/main.cpp.o] Error 1
gmake[1]: *** [CMakeFiles/Makefile2:137: CMakeFiles/parallelism.dir/all] Error 2
gmake: *** [Makefile:146: all] Error 2
