[0.007s] Invoking command in '/home/svaya/Documents/ros2/multithreading/build/cpp_pubsub1': CMAKE_PREFIX_PATH=${CMAKE_PREFIX_PATH}:/opt/ros/humble /usr/bin/cmake --build /home/svaya/Documents/ros2/multithreading/build/cpp_pubsub1 -- -j28 -l28
[0.038s] [35m[1mConsolidate compiler generated dependencies of target parallelism[0m
[0.052s] [ 50%] [32mBuilding CXX object CMakeFiles/parallelism.dir/src/main.cpp.o[0m
[1.335s] [01m[K/home/svaya/Documents/ros2/multithreading/src/cpp_pubsub1/src/main.cpp:[m[K In function â€˜[01m[Kint main(int, char**)[m[Kâ€™:
[1.335s] [01m[K/home/svaya/Documents/ros2/multithreading/src/cpp_pubsub1/src/main.cpp:56:54:[m[K [01;31m[Kerror: [m[Kâ€˜[01m[KMinimalPublisher4[m[Kâ€™ was not declared in this scope; did you mean â€˜[01m[KMinimalPublisher2[m[Kâ€™?
[1.335s]    56 |     rclcpp::Node::SharedPtr node4 = std::make_shared<[01;31m[KMinimalPublisher4[m[K>();
[1.335s]       |                                                      [01;31m[K^~~~~~~~~~~~~~~~~[m[K
[1.335s]       |                                                      [32m[KMinimalPublisher2[m[K
[1.335s] [01m[K/home/svaya/Documents/ros2/multithreading/src/cpp_pubsub1/src/main.cpp:56:72:[m[K [01;31m[Kerror: [m[Kno matching function for call to â€˜[01m[Kmake_shared<<expression error> >()[m[Kâ€™
[1.335s]    56 |  rclcpp::Node::SharedPtr node4 = [01;31m[Kstd::make_shared<MinimalPublisher4>()[m[K;
[1.335s]       |                                  [01;31m[K~~~~~~~~~~~~~~~~~~~~~~~~~~~~~~~~~~~^~[m[K
[1.336s] 
[1.336s] In file included from [01m[K/usr/include/c++/11/memory:77[m[K,
[1.336s]                  from [01m[K/opt/ros/humble/include/rclcpp/rclcpp/rclcpp.hpp:153[m[K,
[1.336s]                  from [01m[K/home/svaya/Documents/ros2/multithreading/src/cpp_pubsub1/src/main.cpp:1[m[K:
[1.336s] [01m[K/usr/include/c++/11/bits/shared_ptr.h:875:5:[m[K [01;36m[Knote: [m[Kcandidate: â€˜[01m[Ktemplate<class _Tp, class ... _Args> std::shared_ptr<_Tp> std::make_shared(_Args&& ...)[m[Kâ€™
[1.336s]   875 |     [01;36m[Kmake_shared[m[K(_Args&&... __args)
[1.336s]       |     [01;36m[K^~~~~~~~~~~[m[K
[1.336s] [01m[K/usr/include/c++/11/bits/shared_ptr.h:875:5:[m[K [01;36m[Knote: [m[K  template argument deduction/substitution failed:
[1.336s] [01m[K/home/svaya/Documents/ros2/multithreading/src/cpp_pubsub1/src/main.cpp:56:72:[m[K [01;31m[Kerror: [m[Ktemplate argument 1 is invalid
[1.336s]    56 |  rclcpp::Node::SharedPtr node4 = [01;31m[Kstd::make_shared<MinimalPublisher4>()[m[K;
[1.336s]       |                                  [01;31m[K~~~~~~~~~~~~~~~~~~~~~~~~~~~~~~~~~~~^~[m[K
[1.336s] 
[2.803s] gmake[2]: *** [CMakeFiles/parallelism.dir/build.make:76: CMakeFiles/parallelism.dir/src/main.cpp.o] Error 1
[2.803s] gmake[1]: *** [CMakeFiles/Makefile2:137: CMakeFiles/parallelism.dir/all] Error 2
[2.803s] gmake: *** [Makefile:146: all] Error 2
[2.805s] Invoked command in '/home/svaya/Documents/ros2/multithreading/build/cpp_pubsub1' returned '2': CMAKE_PREFIX_PATH=${CMAKE_PREFIX_PATH}:/opt/ros/humble /usr/bin/cmake --build /home/svaya/Documents/ros2/multithreading/build/cpp_pubsub1 -- -j28 -l28
